<?xml version="1.0" encoding="UTF-8"?>
<!-- Generated by org.testng.reporters.JUnitXMLReporter -->
<testsuite ignored="0" hostname="NavyaN2" failures="0" tests="5" name="Command line test" time="1.104" errors="0" timestamp="2021-10-28T13:00:26 IST">
  <testcase classname="com.mq.testcases.BaseClass" name="@BeforeClass setup" time="-1.635406225118E9">
    <failure type="org.testng.TestNGException" message="
Parameter &amp;apos;browser&amp;apos; is required by BeforeClass on method setup but has not been marked @Optional or defined
">
      <![CDATA[org.testng.TestNGException: 
Parameter 'browser' is required by BeforeClass on method setup but has not been marked @Optional or defined

at java.base/java.util.ArrayList.forEach(ArrayList.java:1511)
... Removed 32 stack frames]]>
    </failure>
  </testcase> <!-- @BeforeClass setup -->
  <testcase classname="com.mq.testcases.BaseClass" name="@BeforeClass setup" time="-1.635406225151E9">
    <failure type="org.testng.TestNGException" message="
Parameter &amp;apos;browser&amp;apos; is required by BeforeClass on method setup but has not been marked @Optional or defined
">
      <![CDATA[org.testng.TestNGException: 
Parameter 'browser' is required by BeforeClass on method setup but has not been marked @Optional or defined

at java.base/java.util.ArrayList.forEach(ArrayList.java:1511)
... Removed 32 stack frames]]>
    </failure>
  </testcase> <!-- @BeforeClass setup -->
  <testcase classname="com.mq.testcases.LoginTestCase" name="loginTest" time="0.0">
    <skipped/>
  </testcase> <!-- loginTest -->
  <testcase classname="com.mq.testcases.LoginTestDataTestCase" name="loginDDTest" time="0.0">
    <skipped/>
  </testcase> <!-- loginDDTest -->
  <testcase classname="com.mq.testcases.LoginTestDataTestCase" name="loginDDTest" time="0.0">
    <skipped/>
  </testcase> <!-- loginDDTest -->
  <testcase classname="com.mq.testcases.LoginTestDataTestCase" name="loginDDTest" time="0.0">
    <skipped/>
  </testcase> <!-- loginDDTest -->
  <testcase classname="com.mq.testcases.LoginTestDataTestCase" name="loginDDTest" time="0.0">
    <skipped/>
  </testcase> <!-- loginDDTest -->
</testsuite> <!-- Command line test -->
